Build started 9/29/2014 11:58:23 AM.
     1>Project "C:\Users\Khwaab Dave\Documents\Visual Studio 2013\Projects\ConsoleApplication4\ConsoleApplication4\ConsoleApplication4.vcxproj" on node 2 (Build target(s)).
     1>ClCompile:
         C:\Program Files (x86)\Microsoft Visual Studio 12.0\VC\bin\x86_amd64\CL.exe /c /Zi /nologo /W3 /WX- /sdl /Od /D WIN32 /D _DEBUG /D _CONSOLE /D _LIB /D _UNICODE /D UNICODE /Gm /EHsc /RTC1 /MDd /GS /fp:precise /Zc:wchar_t /Zc:forScope /Yc"stdafx.h" /Fp"x64\Debug\ConsoleApplication4.pch" /Fo"x64\Debug\\" /Fd"x64\Debug\vc120.pdb" /Gd /TP /errorReport:prompt stdafx.cpp
         stdafx.cpp
     1>c:\users\khwaab dave\documents\visual studio 2013\projects\consoleapplication4\consoleapplication4\OpenSpatialServiceController.h(146): warning C4251: 'OpenSpatialServiceController::names' : class 'std::vector<std::string,std::allocator<_Ty>>' needs to have dll-interface to be used by clients of class 'OpenSpatialServiceController'
                 with
                 [
                     _Ty=std::string
                 ]
         C:\Program Files (x86)\Microsoft Visual Studio 12.0\VC\bin\x86_amd64\CL.exe /c /Zi /nologo /W3 /WX- /sdl /Od /D WIN32 /D _DEBUG /D _CONSOLE /D _LIB /D _UNICODE /D UNICODE /Gm /EHsc /RTC1 /MDd /GS /fp:precise /Zc:wchar_t /Zc:forScope /Yu"stdafx.h" /Fp"x64\Debug\ConsoleApplication4.pch" /Fo"x64\Debug\\" /Fd"x64\Debug\vc120.pdb" /Gd /TP /errorReport:prompt ConsoleApplication4.cpp ExampleDelegate.cpp
         ExampleDelegate.cpp
         ConsoleApplication4.cpp
         Generating Code...
       Link:
         C:\Program Files (x86)\Microsoft Visual Studio 12.0\VC\bin\x86_amd64\link.exe /ERRORREPORT:PROMPT /OUT:"C:\Users\Khwaab Dave\Documents\Visual Studio 2013\Projects\ConsoleApplication4\x64\Debug\ConsoleApplication4.exe" /INCREMENTAL /NOLOGO kernel32.lib user32.lib gdi32.lib winspool.lib comdlg32.lib advapi32.lib shell32.lib ole32.lib oleaut32.lib uuid.lib odbc32.lib odbccp32.lib /MANIFEST /MANIFESTUAC:"level='asInvoker' uiAccess='false'" /manifest:embed /DEBUG /PDB:"C:\Users\Khwaab Dave\Documents\Visual Studio 2013\Projects\ConsoleApplication4\x64\Debug\ConsoleApplication4.pdb" /SUBSYSTEM:CONSOLE /TLBID:1 /DYNAMICBASE /NXCOMPAT /IMPLIB:"C:\Users\Khwaab Dave\Documents\Visual Studio 2013\Projects\ConsoleApplication4\x64\Debug\ConsoleApplication4.lib" /MACHINE:X64 x64\Debug\ConsoleApplication4.obj
         x64\Debug\ExampleDelegate.obj
         x64\Debug\stdafx.obj
     1>ConsoleApplication4.obj : error LNK2019: unresolved external symbol "__declspec(dllimport) public: __cdecl OpenSpatialServiceController::OpenSpatialServiceController(void)" (__imp_??0OpenSpatialServiceController@@QEAA@XZ) referenced in function main
     1>ConsoleApplication4.obj : error LNK2019: unresolved external symbol "__declspec(dllimport) public: void __cdecl OpenSpatialServiceController::subscribeToPointer(class std::basic_string<char,struct std::char_traits<char>,class std::allocator<char> >)" (__imp_?subscribeToPointer@OpenSpatialServiceController@@QEAAXV?$basic_string@DU?$char_traits@D@std@@V?$allocator@D@2@@std@@@Z) referenced in function main
     1>ConsoleApplication4.obj : error LNK2019: unresolved external symbol "__declspec(dllimport) public: void __cdecl OpenSpatialServiceController::subscribeToGesture(class std::basic_string<char,struct std::char_traits<char>,class std::allocator<char> >)" (__imp_?subscribeToGesture@OpenSpatialServiceController@@QEAAXV?$basic_string@DU?$char_traits@D@std@@V?$allocator@D@2@@std@@@Z) referenced in function main
     1>ConsoleApplication4.obj : error LNK2019: unresolved external symbol "__declspec(dllimport) public: void __cdecl OpenSpatialServiceController::subscribeToButton(class std::basic_string<char,struct std::char_traits<char>,class std::allocator<char> >)" (__imp_?subscribeToButton@OpenSpatialServiceController@@QEAAXV?$basic_string@DU?$char_traits@D@std@@V?$allocator@D@2@@std@@@Z) referenced in function main
     1>ConsoleApplication4.obj : error LNK2019: unresolved external symbol "__declspec(dllimport) public: void __cdecl OpenSpatialServiceController::subscribeToPose6D(class std::basic_string<char,struct std::char_traits<char>,class std::allocator<char> >)" (__imp_?subscribeToPose6D@OpenSpatialServiceController@@QEAAXV?$basic_string@DU?$char_traits@D@std@@V?$allocator@D@2@@std@@@Z) referenced in function main
     1>ConsoleApplication4.obj : error LNK2019: unresolved external symbol "__declspec(dllimport) public: void __cdecl OpenSpatialServiceController::shutdown(class std::basic_string<char,struct std::char_traits<char>,class std::allocator<char> >)" (__imp_?shutdown@OpenSpatialServiceController@@QEAAXV?$basic_string@DU?$char_traits@D@std@@V?$allocator@D@2@@std@@@Z) referenced in function main
     1>ConsoleApplication4.obj : error LNK2019: unresolved external symbol "__declspec(dllimport) public: void __cdecl OpenSpatialServiceController::setMode(class std::basic_string<char,struct std::char_traits<char>,class std::allocator<char> >,int)" (__imp_?setMode@OpenSpatialServiceController@@QEAAXV?$basic_string@DU?$char_traits@D@std@@V?$allocator@D@2@@std@@H@Z) referenced in function main
     1>ConsoleApplication4.obj : error LNK2019: unresolved external symbol "__declspec(dllimport) public: void __cdecl OpenSpatialServiceController::setDelegate(class OpenSpatialDelegate *)" (__imp_?setDelegate@OpenSpatialServiceController@@QEAAXPEAVOpenSpatialDelegate@@@Z) referenced in function main
     1>C:\Users\Khwaab Dave\Documents\Visual Studio 2013\Projects\ConsoleApplication4\x64\Debug\ConsoleApplication4.exe : fatal error LNK1120: 8 unresolved externals
     1>Done Building Project "C:\Users\Khwaab Dave\Documents\Visual Studio 2013\Projects\ConsoleApplication4\ConsoleApplication4\ConsoleApplication4.vcxproj" (Build target(s)) -- FAILED.

Build FAILED.

Time Elapsed 00:00:02.43
