Build started 9/24/2014 5:25:20 PM.
     1>Project "C:\Users\Khwaab Dave\Documents\Visual Studio 2013\Projects\ConsoleApplication4\ConsoleApplication4\ConsoleApplication4.vcxproj" on node 2 (Build target(s)).
     1>ClCompile:
         C:\Program Files (x86)\Microsoft Visual Studio 12.0\VC\bin\CL.exe /c /ZI /nologo /W3 /WX- /sdl /Od /Oy- /D WIN32 /D _DEBUG /D _CONSOLE /D _LIB /D _UNICODE /D UNICODE /Gm /EHsc /RTC1 /MDd /GS /fp:precise /Zc:wchar_t /Zc:forScope /Yc"stdafx.h" /Fp"Debug\ConsoleApplication4.pch" /Fo"Debug\\" /Fd"Debug\vc120.pdb" /Gd /TP /analyze- /errorReport:prompt stdafx.cpp
         stdafx.cpp
     1>c:\users\khwaab dave\documents\visual studio 2013\projects\consoleapplication4\consoleapplication4\openspatialservicecontroller.h(146): warning C4251: 'OpenSpatialServiceController::names' : class 'std::vector<std::string,std::allocator<_Ty>>' needs to have dll-interface to be used by clients of class 'OpenSpatialServiceController'
                 with
                 [
                     _Ty=std::string
                 ]
         C:\Program Files (x86)\Microsoft Visual Studio 12.0\VC\bin\CL.exe /c /ZI /nologo /W3 /WX- /sdl /Od /Oy- /D WIN32 /D _DEBUG /D _CONSOLE /D _LIB /D _UNICODE /D UNICODE /Gm /EHsc /RTC1 /MDd /GS /fp:precise /Zc:wchar_t /Zc:forScope /Yu"stdafx.h" /Fp"Debug\ConsoleApplication4.pch" /Fo"Debug\\" /Fd"Debug\vc120.pdb" /Gd /TP /analyze- /errorReport:prompt ConsoleApplication4.cpp ExampleDelegate.cpp
         ExampleDelegate.cpp
         ConsoleApplication4.cpp
         Generating Code...
       Link:
         C:\Program Files (x86)\Microsoft Visual Studio 12.0\VC\bin\link.exe /ERRORREPORT:PROMPT /OUT:"C:\Users\Khwaab Dave\Documents\Visual Studio 2013\Projects\ConsoleApplication4\Debug\ConsoleApplication4.exe" /INCREMENTAL /NOLOGO kernel32.lib user32.lib gdi32.lib winspool.lib comdlg32.lib advapi32.lib shell32.lib ole32.lib oleaut32.lib uuid.lib odbc32.lib odbccp32.lib /MANIFEST /MANIFESTUAC:"level='asInvoker' uiAccess='false'" /manifest:embed /DEBUG /PDB:"C:\Users\Khwaab Dave\Documents\Visual Studio 2013\Projects\ConsoleApplication4\Debug\ConsoleApplication4.pdb" /SUBSYSTEM:CONSOLE /TLBID:1 /DYNAMICBASE /NXCOMPAT /IMPLIB:"C:\Users\Khwaab Dave\Documents\Visual Studio 2013\Projects\ConsoleApplication4\Debug\ConsoleApplication4.lib" /MACHINE:X86 Debug\ConsoleApplication4.obj
         Debug\ExampleDelegate.obj
         Debug\stdafx.obj
         ConsoleApplication4.vcxproj -> C:\Users\Khwaab Dave\Documents\Visual Studio 2013\Projects\ConsoleApplication4\Debug\ConsoleApplication4.exe
     1>Done Building Project "C:\Users\Khwaab Dave\Documents\Visual Studio 2013\Projects\ConsoleApplication4\ConsoleApplication4\ConsoleApplication4.vcxproj" (Build target(s)).

Build succeeded.

Time Elapsed 00:00:00.99
